<?xml version="1.0" encoding="UTF-8"?>
<testng-results ignored="0" total="1" passed="1" failed="0" skipped="0">
  <reporter-output>
  </reporter-output>
  <suite started-at="2025-12-12T13:12:33 GMT" name="LoginSuite" finished-at="2025-12-12T13:12:37 GMT" duration-ms="3559">
    <groups>
    </groups>
    <test started-at="2025-12-12T13:12:33 GMT" name="LoginTest" finished-at="2025-12-12T13:12:37 GMT" duration-ms="3559">
      <class name="test.LoginTest">
        <test-method is-config="true" signature="setUp()[pri:0, instance:test.LoginTest@795509d9]" started-at="2025-12-12T13:12:33 GMT" name="setUp" finished-at="2025-12-12T13:12:36 GMT" duration-ms="2315" status="PASS">
          <reporter-output>
          </reporter-output>
        </test-method> <!-- setUp -->
        <test-method signature="testValidLogin()[pri:0, instance:test.LoginTest@795509d9]" started-at="2025-12-12T13:12:36 GMT" name="testValidLogin" finished-at="2025-12-12T13:12:37 GMT" duration-ms="1132" status="PASS">
          <reporter-output>
          </reporter-output>
        </test-method> <!-- testValidLogin -->
        <test-method is-config="true" signature="tearDown()[pri:0, instance:test.LoginTest@795509d9]" started-at="2025-12-12T13:12:37 GMT" name="tearDown" finished-at="2025-12-12T13:12:37 GMT" duration-ms="0" status="PASS">
          <reporter-output>
          </reporter-output>
        </test-method> <!-- tearDown -->
      </class> <!-- test.LoginTest -->
    </test> <!-- LoginTest -->
  </suite> <!-- LoginSuite -->
</testng-results>
